<?xml version="1.0" encoding="UTF-8"?>
<testsuite xmlns:xsi="http://www.w3.org/2001/XMLSchema-instance" xsi:noNamespaceSchemaLocation="https://maven.apache.org/surefire/maven-surefire-plugin/xsd/surefire-test-report-3.0.xsd" version="3.0" name="UserServiceTest" time="0.908" tests="6" errors="0" skipped="0" failures="0">
  <properties>
[...]
</properties>
  <testcase name="saveUser" classname="UserServiceTest" time="0.674">
    <system-out><![CDATA[PostgreSQL 16.4
Table dropped
Table created
User с именем – Ivan добавлен в базу данных
User{id=1, name='Ivan', lastName='Ivanov', age=5}
]]></system-out>
  </testcase>
  <testcase name="removeUserById" classname="UserServiceTest" time="0.04">
    <system-out><![CDATA[Table dropped
Table created
User с именем – Ivan добавлен в базу данных
]]></system-out>
  </testcase>
  <testcase name="getAllUsers" classname="UserServiceTest" time="0.008">
    <system-out><![CDATA[Table dropped
Table created
User с именем – Ivan добавлен в базу данных
User{id=1, name='Ivan', lastName='Ivanov', age=5}
]]></system-out>
  </testcase>
  <testcase name="dropUsersTable" classname="UserServiceTest" time="0.009">
    <system-out><![CDATA[Table dropped
Table dropped
]]></system-out>
  </testcase>
  <testcase name="createUsersTable" classname="UserServiceTest" time="0.011">
    <system-out><![CDATA[Table dropped
Table created
]]></system-out>
  </testcase>
  <testcase name="cleanUsersTable" classname="UserServiceTest" time="0.022">
    <system-out><![CDATA[Table dropped
Table created
User с именем – Ivan добавлен в базу данных
]]></system-out>
  </testcase>
</testsuite>